<?xml version="1.0" encoding="UTF-8"?>
<testsuite name="SILab2Test" tests="2" skipped="0" failures="0" errors="0" timestamp="2024-05-25T16:39:40" hostname="DESKTOP-0M633SV" time="0.025">
  <properties/>
  <testcase name="checkMultipleConditions()" classname="SILab2Test" time="0.02"/>
  <testcase name="checkEveryBranch()" classname="SILab2Test" time="0.004"/>
  <system-out><![CDATA[]]></system-out>
  <system-err><![CDATA[]]></system-err>
</testsuite>
